Mon Apr 02 18:08:25 EDT 2018 : Apache Derby Network Server - 10.11.1.2 - (1629631) started and ready to accept connections on port 1527
----------------------------------------------------------------
Mon Apr 02 18:09:38 EDT 2018:
Booting Derby version The Apache Software Foundation - Apache Derby - 10.11.1.2 - (1629631): instance a816c00e-0162-8867-6499-ffffd3cf5ec6 
on database directory C:\Users\micka\OneDrive\Documents\GitHub\ProjetJsp\sample with class loader sun.misc.Launcher$AppClassLoader@6f94fa3e 
Loaded from file:/C:/Program%20Files/Java/jdk1.8.0_121/db/lib/derby.jar
java.vendor=Oracle Corporation
java.runtime.version=1.8.0_121-b13
user.dir=C:\Program Files\Java\jdk1.8.0_121\db
os.name=Windows 10
os.arch=amd64
os.version=10.0
derby.system.home=C:\Users\micka\OneDrive\Documents\GitHub\ProjetJsp
Database Class Loader started - derby.database.classpath=''
----------------------------------------------------------------
Mon Apr 02 18:13:08 EDT 2018:
Shutting down instance a816c00e-0162-8867-6499-ffffd3cf5ec6 on database directory C:\Users\micka\OneDrive\Documents\GitHub\ProjetJsp\sample with class loader sun.misc.Launcher$AppClassLoader@6f94fa3e 
Mon Apr 02 18:13:08 EDT 2018 Thread[DRDAConnThread_3,5,main] (DATABASE = sample), (DRDAID = {11}), Database 'sample' shutdown.
----------------------------------------------------------------
Mon Apr 02 18:13:45 EDT 2018:
Booting Derby version The Apache Software Foundation - Apache Derby - 10.11.1.2 - (1629631): instance e8d54087-0162-8867-6499-ffffd3cf5ec6 
on database directory C:\Users\micka\OneDrive\Documents\GitHub\ProjetJsp\sample with class loader sun.misc.Launcher$AppClassLoader@6f94fa3e 
Loaded from file:/C:/Program%20Files/Java/jdk1.8.0_121/db/lib/derby.jar
java.vendor=Oracle Corporation
java.runtime.version=1.8.0_121-b13
user.dir=C:\Program Files\Java\jdk1.8.0_121\db
os.name=Windows 10
os.arch=amd64
os.version=10.0
derby.system.home=C:\Users\micka\OneDrive\Documents\GitHub\ProjetJsp
Database Class Loader started - derby.database.classpath=''
